# JRE version: Java(TM) SE Runtime Environment (8.0_45-b14) (build 1.8.0_45-b14)
# Java VM: Java HotSpot(TM) 64-Bit Server VM (25.45-b02 mixed mode bsd-amd64 compressed oops)
Heap:
 PSYoungGen      total 264192K, used 177411K [0x000000014a500000, 0x000000015f600000, 0x000000015fa00000)
  eden space 242688K, 73% used [0x000000014a500000,0x0000000155240eb0,0x0000000159200000)
  from space 21504K, 0% used [0x0000000159200000,0x0000000159200000,0x000000015a700000)
  to   space 51200K, 0% used [0x000000015c400000,0x000000015c400000,0x000000015f600000)
 ParOldGen       total 699392K, used 650197K [0x000000011fa00000, 0x000000014a500000, 0x000000014a500000)
  object space 699392K, 92% used [0x000000011fa00000,0x00000001474f5590,0x000000014a500000)
 Metaspace       used 815446K, capacity 834027K, committed 839936K, reserved 1767424K
  class space    used 113553K, capacity 120189K, committed 121088K, reserved 1048576K
GC Heap History (10 events):
Event: 106900.888 GC heap before
{Heap before GC invocations=488 (full 149):
 PSYoungGen      total 295936K, used 92497K [0x000000014a500000, 0x000000015fa00000, 0x000000015fa00000)
  eden space 241152K, 26% used [0x000000014a500000,0x000000014e2d0fa8,0x0000000159080000)
  from space 54784K, 53% used [0x000000015c480000,0x000000015e1036c8,0x000000015fa00000)
  to   space 53248K, 0% used [0x0000000159080000,0x0000000159080000,0x000000015c480000)
 ParOldGen       total 699392K, used 632679K [0x000000011fa00000, 0x000000014a500000, 0x000000014a500000)
  object space 699392K, 90% used [0x000000011fa00000,0x00000001463d9fb0,0x000000014a500000)
 Metaspace       used 799960K, capacity 817679K, committed 823936K, reserved 1755136K
  class space    used 111371K, capacity 117702K, committed 118656K, reserved 1048576K
Event: 106900.959 GC heap after
Heap after GC invocations=488 (full 149):
 PSYoungGen      total 294400K, used 21359K [0x000000014a500000, 0x000000015fa00000, 0x000000015fa00000)
  eden space 241152K, 0% used [0x000000014a500000,0x000000014a500000,0x0000000159080000)
  from space 53248K, 40% used [0x0000000159080000,0x000000015a55bd10,0x000000015c480000)
  to   space 53248K, 0% used [0x000000015c600000,0x000000015c600000,0x000000015fa00000)
 ParOldGen       total 699392K, used 632679K [0x000000011fa00000, 0x000000014a500000, 0x000000014a500000)
  object space 699392K, 90% used [0x000000011fa00000,0x00000001463d9fb0,0x000000014a500000)
 Metaspace       used 799960K, capacity 817679K, committed 823936K, reserved 1755136K
  class space    used 111371K, capacity 117702K, committed 118656K, reserved 1048576K
}
Event: 106900.959 GC heap before
{Heap before GC invocations=489 (full 150):
 PSYoungGen      total 294400K, used 21359K [0x000000014a500000, 0x000000015fa00000, 0x000000015fa00000)
  eden space 241152K, 0% used [0x000000014a500000,0x000000014a500000,0x0000000159080000)
  from space 53248K, 40% used [0x0000000159080000,0x000000015a55bd10,0x000000015c480000)
  to   space 53248K, 0% used [0x000000015c600000,0x000000015c600000,0x000000015fa00000)
 ParOldGen       total 699392K, used 632679K [0x000000011fa00000, 0x000000014a500000, 0x000000014a500000)
  object space 699392K, 90% used [0x000000011fa00000,0x00000001463d9fb0,0x000000014a500000)
 Metaspace       used 799960K, capacity 817679K, committed 823936K, reserved 1755136K
  class space    used 111371K, capacity 117702K, committed 118656K, reserved 1048576K
Event: 106905.228 GC heap after
Heap after GC invocations=489 (full 150):
 PSYoungGen      total 294400K, used 0K [0x000000014a500000, 0x000000015fa00000, 0x000000015fa00000)
  eden space 241152K, 0% used [0x000000014a500000,0x000000014a500000,0x0000000159080000)
  from space 53248K, 0% used [0x0000000159080000,0x0000000159080000,0x000000015c480000)
  to   space 53248K, 0% used [0x000000015c600000,0x000000015c600000,0x000000015fa00000)
 ParOldGen       total 699392K, used 650941K [0x000000011fa00000, 0x000000014a500000, 0x000000014a500000)
  object space 699392K, 93% used [0x000000011fa00000,0x00000001475af4a0,0x000000014a500000)
 Metaspace       used 799960K, capacity 817679K, committed 823936K, reserved 1755136K
  class space    used 111371K, capacity 117702K, committed 118656K, reserved 1048576K
}
Event: 107025.091 GC heap before
{Heap before GC invocations=490 (full 150):
 PSYoungGen      total 294400K, used 241152K [0x000000014a500000, 0x000000015fa00000, 0x000000015fa00000)
  eden space 241152K, 100% used [0x000000014a500000,0x0000000159080000,0x0000000159080000)
  from space 53248K, 0% used [0x0000000159080000,0x0000000159080000,0x000000015c480000)
  to   space 53248K, 0% used [0x000000015c600000,0x000000015c600000,0x000000015fa00000)
 ParOldGen       total 699392K, used 650941K [0x000000011fa00000, 0x000000014a500000, 0x000000014a500000)
  object space 699392K, 93% used [0x000000011fa00000,0x00000001475af4a0,0x000000014a500000)
 Metaspace       used 808003K, capacity 826397K, committed 832128K, reserved 1761280K
  class space    used 112555K, capacity 119148K, committed 119936K, reserved 1048576K
Event: 107025.173 GC heap after
Heap after GC invocations=490 (full 150):
 PSYoungGen      total 292864K, used 28989K [0x000000014a500000, 0x000000015f700000, 0x000000015fa00000)
  eden space 242688K, 0% used [0x000000014a500000,0x000000014a500000,0x0000000159200000)
  from space 50176K, 57% used [0x000000015c600000,0x000000015e24f498,0x000000015f700000)
  to   space 51712K, 0% used [0x0000000159200000,0x0000000159200000,0x000000015c480000)
 ParOldGen       total 699392K, used 650949K [0x000000011fa00000, 0x000000014a500000, 0x000000014a500000)
  object space 699392K, 93% used [0x000000011fa00000,0x00000001475b14a0,0x000000014a500000)
 Metaspace       used 808003K, capacity 826397K, committed 832128K, reserved 1761280K
  class space    used 112555K, capacity 119148K, committed 119936K, reserved 1048576K
}
Event: 107037.369 GC heap before
{Heap before GC invocations=491 (full 150):
 PSYoungGen      total 292864K, used 97365K [0x000000014a500000, 0x000000015f700000, 0x000000015fa00000)
  eden space 242688K, 28% used [0x000000014a500000,0x000000014e7c6308,0x0000000159200000)
  from space 50176K, 57% used [0x000000015c600000,0x000000015e24f498,0x000000015f700000)
  to   space 51712K, 0% used [0x0000000159200000,0x0000000159200000,0x000000015c480000)
 ParOldGen       total 699392K, used 650949K [0x000000011fa00000, 0x000000014a500000, 0x000000014a500000)
  object space 699392K, 93% used [0x000000011fa00000,0x00000001475b14a0,0x000000014a500000)
 Metaspace       used 809079K, capacity 827595K, committed 833152K, reserved 1763328K
  class space    used 112749K, capacity 119401K, committed 120192K, reserved 1048576K
Event: 107037.477 GC heap after
Heap after GC invocations=491 (full 150):
 PSYoungGen      total 264192K, used 21439K [0x000000014a500000, 0x000000015f600000, 0x000000015fa00000)
  eden space 242688K, 0% used [0x000000014a500000,0x000000014a500000,0x0000000159200000)
  from space 21504K, 99% used [0x0000000159200000,0x000000015a6efce0,0x000000015a700000)
  to   space 51200K, 0% used [0x000000015c400000,0x000000015c400000,0x000000015f600000)
 ParOldGen       total 699392K, used 650949K [0x000000011fa00000, 0x000000014a500000, 0x000000014a500000)
  object space 699392K, 93% used [0x000000011fa00000,0x00000001475b14a0,0x000000014a500000)
 Metaspace       used 809079K, capacity 827595K, committed 833152K, reserved 1763328K
  class space    used 112749K, capacity 119401K, committed 120192K, reserved 1048576K
}
Event: 107037.477 GC heap before
{Heap before GC invocations=492 (full 151):
 PSYoungGen      total 264192K, used 21439K [0x000000014a500000, 0x000000015f600000, 0x000000015fa00000)
  eden space 242688K, 0% used [0x000000014a500000,0x000000014a500000,0x0000000159200000)
  from space 21504K, 99% used [0x0000000159200000,0x000000015a6efce0,0x000000015a700000)
  to   space 51200K, 0% used [0x000000015c400000,0x000000015c400000,0x000000015f600000)
 ParOldGen       total 699392K, used 650949K [0x000000011fa00000, 0x000000014a500000, 0x000000014a500000)
  object space 699392K, 93% used [0x000000011fa00000,0x00000001475b14a0,0x000000014a500000)
 Metaspace       used 809079K, capacity 827595K, committed 833152K, reserved 1763328K
  class space    used 112749K, capacity 119401K, committed 120192K, reserved 1048576K
Event: 107041.704 GC heap after
Heap after GC invocations=492 (full 151):
 PSYoungGen      total 264192K, used 0K [0x000000014a500000, 0x000000015f600000, 0x000000015fa00000)
  eden space 242688K, 0% used [0x000000014a500000,0x000000014a500000,0x0000000159200000)
  from space 21504K, 0% used [0x0000000159200000,0x0000000159200000,0x000000015a700000)
  to   space 51200K, 0% used [0x000000015c400000,0x000000015c400000,0x000000015f600000)
 ParOldGen       total 699392K, used 650197K [0x000000011fa00000, 0x000000014a500000, 0x000000014a500000)
  object space 699392K, 92% used [0x000000011fa00000,0x00000001474f5590,0x000000014a500000)
 Metaspace       used 808656K, capacity 826737K, committed 833152K, reserved 1763328K
  class space    used 112565K, capacity 118991K, committed 120192K, reserved 1048576K
}

